<?xml version="1.0" encoding="UTF-8"?>
<!-- Generated by org.testng.reporters.JUnitReportReporter -->
<testsuite hostname="Ruida-Xu" failures="0" tests="15" name="homework.ch11_13.StudentTest" time="0.000" errors="0" timestamp="07 4月 2022 05:55:23 GMT" skipped="0">
  <testcase classname="homework.ch11_13.StudentTest" name="testTestToString" time="0.000"/>
  <testcase classname="homework.ch11_13.StudentTest" name="testGetStudentId" time="0.000"/>
  <testcase classname="homework.ch11_13.StudentTest" name="testTestEquals" time="0.000"/>
  <testcase classname="homework.ch11_13.StudentTest" name="testTestEquals" time="0.000"/>
  <testcase classname="homework.ch11_13.StudentTest" name="testTestEquals" time="0.000"/>
  <testcase classname="homework.ch11_13.StudentTest" name="testTestEquals" time="0.000"/>
  <testcase classname="homework.ch11_13.StudentTest" name="testTestEquals" time="0.000"/>
  <testcase classname="homework.ch11_13.StudentTest" name="testGetDepartment" time="0.000"/>
  <testcase classname="homework.ch11_13.StudentTest" name="testSetDepartment" time="0.000"/>
  <testcase classname="homework.ch11_13.StudentTest" name="testTestEquals" time="0.000"/>
  <testcase classname="homework.ch11_13.StudentTest" name="testTestEquals" time="0.000"/>
  <testcase classname="homework.ch11_13.StudentTest" name="testSetStudentId" time="0.000"/>
  <testcase classname="homework.ch11_13.StudentTest" name="testSetClassNo" time="0.000"/>
  <testcase classname="homework.ch11_13.StudentTest" name="testGetClassNo" time="0.000"/>
  <testcase classname="homework.ch11_13.StudentTest" name="testTestClone" time="0.000"/>
</testsuite> <!-- homework.ch11_13.StudentTest -->
