生成启动时间为 2019/08/01 16:48:16。
     1>项目“H:\64 位实验\Project1\asm_64_example\asm_64_example.vcxproj”在节点 2 上(Build 个目标)。
     1>_MASM:
         Assembling asm_64_example.asm...
         cmd.exe /C "C:\Users\Administrator\AppData\Local\Temp\tmp7f4fb054b07140eea4eeec2154ffcb84.cmd"
         ml.exe /c /nologo /Zi /Fo"Debug\asm_64_example.obj" /W3 /errorReport:prompt  /Taasm_64_example.asm
     1>asm_64_example.asm(1): error A2013: .MODEL must precede this directive
     1>asm_64_example.asm(2): error A2034: must be in segment block
     1>asm_64_example.asm(3): error A2034: must be in segment block
     1>asm_64_example.asm(5): error A2013: .MODEL must precede this directive
     1>asm_64_example.asm(6): error A2034: must be in segment block
     1>asm_64_example.asm(7): error A2034: must be in segment block
     1>asm_64_example.asm(8): error A2034: must be in segment block
     1>asm_64_example.asm(9): error A2034: must be in segment block
     1>asm_64_example.asm(10): error A2034: must be in segment block
     1>asm_64_example.asm(11): error A2034: must be in segment block
     1>asm_64_example.asm(12): error A2034: must be in segment block
     1>asm_64_example.asm(13): error A2034: must be in segment block
     1>asm_64_example.asm(14): error A2034: must be in segment block
     1>asm_64_example.asm(15): error A2006: undefined symbol : start
     1>asm_64_example.asm(15): error A2148: invalid symbol type in expression : start
     1>C:\Program Files (x86)\MSBuild\Microsoft.Cpp\v4.0\V120\BuildCustomizations\masm.targets(50,5): error MSB3721: 命令“ml.exe /c /nologo /Zi /Fo"Debug\asm_64_example.obj" /W3 /errorReport:prompt  /Taasm_64_example.asm”已退出，返回代码为 1。
     1>已完成生成项目“H:\64 位实验\Project1\asm_64_example\asm_64_example.vcxproj”(Build 个目标)的操作 - 失败。

生成失败。

已用时间 00:00:00.99
